-- The C compiler identification is GNU 11.3.0
-- The CXX compiler identification is GNU 11.3.0
-- Detecting C compiler ABI info
-- Detecting C compiler ABI info - done
-- Check for working C compiler: /usr/bin/cc - skipped
-- Detecting C compile features
-- Detecting C compile features - done
-- Detecting CXX compiler ABI info
-- Detecting CXX compiler ABI info - done
-- Check for working CXX compiler: /usr/bin/c++ - skipped
-- Detecting CXX compile features
-- Detecting CXX compile features - done
-- Configuring done
-- Generating done
-- Build files have been written to: /home/leggedrobot/Documents/GitHub/unitree-go1-ros/ros2_ws/build/unitree_legged_sdk
[ 10%] [32mBuilding CXX object CMakeFiles/example_position.dir/example/example_position.cpp.o[0m
[ 20%] [32mBuilding CXX object CMakeFiles/example_velocity.dir/example/example_velocity.cpp.o[0m
[ 30%] [32mBuilding CXX object CMakeFiles/example_torque.dir/example/example_torque.cpp.o[0m
[ 40%] [32mBuilding CXX object CMakeFiles/example_joystick.dir/example/example_joystick.cpp.o[0m
[ 50%] [32mBuilding CXX object CMakeFiles/example_walk.dir/example/example_walk.cpp.o[0m
[ 60%] [32m[1mLinking CXX executable example_velocity[0m
[ 70%] [32m[1mLinking CXX executable example_torque[0m
[ 80%] [32m[1mLinking CXX executable example_joystick[0m
[ 90%] [32m[1mLinking CXX executable example_walk[0m
[100%] [32m[1mLinking CXX executable example_position[0m
