-- The C compiler identification is GNU 11.3.0
-- The CXX compiler identification is GNU 11.3.0
-- Detecting C compiler ABI info
-- Detecting C compiler ABI info - done
-- Check for working C compiler: /usr/bin/cc - skipped
-- Detecting C compile features
-- Detecting C compile features - done
-- Detecting CXX compiler ABI info
-- Detecting CXX compiler ABI info - done
-- Check for working CXX compiler: /usr/bin/c++ - skipped
-- Detecting CXX compile features
-- Detecting CXX compile features - done
-- Found ament_cmake: 1.3.3 (/opt/ros/humble/share/ament_cmake/cmake)
-- Found Python3: /usr/bin/python3.10 (found version "3.10.6") found components: Interpreter 
-- Found rosidl_default_generators: 1.2.0 (/opt/ros/humble/share/rosidl_default_generators/cmake)
-- Using all available rosidl_typesupport_c: rosidl_typesupport_fastrtps_c;rosidl_typesupport_introspection_c
-- Found rosidl_adapter: 3.1.4 (/opt/ros/humble/share/rosidl_adapter/cmake)
-- Using all available rosidl_typesupport_cpp: rosidl_typesupport_fastrtps_cpp;rosidl_typesupport_introspection_cpp
-- Found ament_cmake_ros: 0.10.0 (/opt/ros/humble/share/ament_cmake_ros/cmake)
-- Using all available rosidl_typesupport_c: rosidl_typesupport_fastrtps_c;rosidl_typesupport_introspection_c
-- Using all available rosidl_typesupport_cpp: rosidl_typesupport_fastrtps_cpp;rosidl_typesupport_introspection_cpp
-- Found PythonInterp: /home/leggedrobot/anaconda3/bin/python3 (found suitable version "3.9.13", minimum required is "3.6") 
-- Found python_cmake_module: 0.10.0 (/opt/ros/humble/share/python_cmake_module/cmake)
-- Found PythonLibs: /home/leggedrobot/anaconda3/lib/libpython3.9.so (found suitable version "3.9.13", minimum required is "3.5") 
-- Using PYTHON_EXECUTABLE: /home/leggedrobot/anaconda3/bin/python3
-- Using PYTHON_INCLUDE_DIRS: /home/leggedrobot/anaconda3/include/python3.9
-- Using PYTHON_LIBRARIES: /home/leggedrobot/anaconda3/lib/libpython3.9.so
-- Found PythonExtra: .so  
-- Using numpy include directory: /home/leggedrobot/anaconda3/lib/python3.9/site-packages/numpy/core/include
-- Configuring done
-- Generating done
-- Build files have been written to: /home/leggedrobot/Documents/GitHub/unitree-go1-ros/ros2_ws/build/ros2_unitree_legged_msgs
