[0.009s] Invoking command in '/home/leggedrobot/Documents/GitHub/unitree-go1-ros/ros2_ws/build/ros2_unitree_legged_msgs': CMAKE_PREFIX_PATH=/opt/ros/humble CONDA_PROMPT_MODIFIER=(base) /usr/bin/cmake /home/leggedrobot/Documents/GitHub/unitree-go1-ros/ros2_ws/src/ros2_unitree_legged_msgs -DCMAKE_INSTALL_PREFIX=/home/leggedrobot/Documents/GitHub/unitree-go1-ros/ros2_ws/install/ros2_unitree_legged_msgs
[0.050s] -- The C compiler identification is GNU 11.3.0
[0.089s] -- The CXX compiler identification is GNU 11.3.0
[0.094s] -- Detecting C compiler ABI info
[0.144s] -- Detecting C compiler ABI info - done
[0.149s] -- Check for working C compiler: /usr/bin/cc - skipped
[0.149s] -- Detecting C compile features
[0.149s] -- Detecting C compile features - done
[0.152s] -- Detecting CXX compiler ABI info
[0.207s] -- Detecting CXX compiler ABI info - done
[0.212s] -- Check for working CXX compiler: /usr/bin/c++ - skipped
[0.212s] -- Detecting CXX compile features
[0.213s] -- Detecting CXX compile features - done
[0.214s] -- Found ament_cmake: 1.3.3 (/opt/ros/humble/share/ament_cmake/cmake)
[0.353s] -- Found Python3: /usr/bin/python3.10 (found version "3.10.6") found components: Interpreter 
[0.409s] -- Found rosidl_default_generators: 1.2.0 (/opt/ros/humble/share/rosidl_default_generators/cmake)
[0.412s] -- Using all available rosidl_typesupport_c: rosidl_typesupport_fastrtps_c;rosidl_typesupport_introspection_c
[0.417s] -- Found rosidl_adapter: 3.1.4 (/opt/ros/humble/share/rosidl_adapter/cmake)
[0.443s] -- Using all available rosidl_typesupport_cpp: rosidl_typesupport_fastrtps_cpp;rosidl_typesupport_introspection_cpp
[0.679s] -- Found ament_cmake_ros: 0.10.0 (/opt/ros/humble/share/ament_cmake_ros/cmake)
[0.820s] -- Using all available rosidl_typesupport_c: rosidl_typesupport_fastrtps_c;rosidl_typesupport_introspection_c
[0.993s] -- Using all available rosidl_typesupport_cpp: rosidl_typesupport_fastrtps_cpp;rosidl_typesupport_introspection_cpp
[1.017s] -- Found PythonInterp: /home/leggedrobot/anaconda3/bin/python3 (found suitable version "3.9.13", minimum required is "3.6") 
[1.018s] -- Found python_cmake_module: 0.10.0 (/opt/ros/humble/share/python_cmake_module/cmake)
[1.042s] -- Found PythonLibs: /home/leggedrobot/anaconda3/lib/libpython3.9.so (found suitable version "3.9.13", minimum required is "3.5") 
[1.043s] -- Using PYTHON_EXECUTABLE: /home/leggedrobot/anaconda3/bin/python3
[1.043s] -- Using PYTHON_INCLUDE_DIRS: /home/leggedrobot/anaconda3/include/python3.9
[1.043s] -- Using PYTHON_LIBRARIES: /home/leggedrobot/anaconda3/lib/libpython3.9.so
[1.063s] -- Found PythonExtra: .so  
[1.158s] -- Using numpy include directory: /home/leggedrobot/anaconda3/lib/python3.9/site-packages/numpy/core/include
[1.166s] -- Configuring done
[1.193s] -- Generating done
[1.194s] -- Build files have been written to: /home/leggedrobot/Documents/GitHub/unitree-go1-ros/ros2_ws/build/ros2_unitree_legged_msgs
